# JRE version: Java(TM) SE Runtime Environment (8.0_65-b17) (build 1.8.0_65-b17)
# Java VM: Java HotSpot(TM) 64-Bit Server VM (25.65-b01 mixed mode bsd-amd64 compressed oops)
Heap:
 PSYoungGen      total 37888K, used 8501K [0x0000000795580000, 0x0000000798a00000, 0x00000007c0000000)
  eden space 24064K, 34% used [0x0000000795580000,0x0000000795da5550,0x0000000796d00000)
  from space 13824K, 1% used [0x0000000797c80000,0x0000000797ca8000,0x0000000798a00000)
  to   space 14848K, 0% used [0x0000000796d00000,0x0000000796d00000,0x0000000797b80000)
 ParOldGen       total 57344K, used 11244K [0x0000000740000000, 0x0000000743800000, 0x0000000795580000)
  object space 57344K, 19% used [0x0000000740000000,0x0000000740afb050,0x0000000743800000)
 Metaspace       used 21684K, capacity 22974K, committed 23040K, reserved 1069056K
  class space    used 2995K, capacity 3276K, committed 3328K, reserved 1048576K
GC Heap History (10 events):
Event: 119.460 GC heap before
{Heap before GC invocations=19 (full 1):
 PSYoungGen      total 27136K, used 26720K [0x0000000795580000, 0x0000000799480000, 0x00000007c0000000)
  eden space 26624K, 100% used [0x0000000795580000,0x0000000796f80000,0x0000000796f80000)
  from space 512K, 18% used [0x0000000797000000,0x0000000797018000,0x0000000797080000)
  to   space 18944K, 0% used [0x0000000798200000,0x0000000798200000,0x0000000799480000)
 ParOldGen       total 57344K, used 11132K [0x0000000740000000, 0x0000000743800000, 0x0000000795580000)
  object space 57344K, 19% used [0x0000000740000000,0x0000000740adf050,0x0000000743800000)
 Metaspace       used 21603K, capacity 22892K, committed 23040K, reserved 1069056K
  class space    used 2991K, capacity 3273K, committed 3328K, reserved 1048576K
Event: 119.461 GC heap after
Heap after GC invocations=19 (full 1):
 PSYoungGen      total 43520K, used 96K [0x0000000795580000, 0x0000000799300000, 0x00000007c0000000)
  eden space 26112K, 0% used [0x0000000795580000,0x0000000795580000,0x0000000796f00000)
  from space 17408K, 0% used [0x0000000798200000,0x0000000798218000,0x0000000799300000)
  to   space 18432K, 0% used [0x0000000796f00000,0x0000000796f00000,0x0000000798100000)
 ParOldGen       total 57344K, used 11148K [0x0000000740000000, 0x0000000743800000, 0x0000000795580000)
  object space 57344K, 19% used [0x0000000740000000,0x0000000740ae3050,0x0000000743800000)
 Metaspace       used 21603K, capacity 22892K, committed 23040K, reserved 1069056K
  class space    used 2991K, capacity 3273K, committed 3328K, reserved 1048576K
}
Event: 120.003 GC heap before
{Heap before GC invocations=20 (full 1):
 PSYoungGen      total 43520K, used 26208K [0x0000000795580000, 0x0000000799300000, 0x00000007c0000000)
  eden space 26112K, 100% used [0x0000000795580000,0x0000000796f00000,0x0000000796f00000)
  from space 17408K, 0% used [0x0000000798200000,0x0000000798218000,0x0000000799300000)
  to   space 18432K, 0% used [0x0000000796f00000,0x0000000796f00000,0x0000000798100000)
 ParOldGen       total 57344K, used 11148K [0x0000000740000000, 0x0000000743800000, 0x0000000795580000)
  object space 57344K, 19% used [0x0000000740000000,0x0000000740ae3050,0x0000000743800000)
 Metaspace       used 21619K, capacity 22892K, committed 23040K, reserved 1069056K
  class space    used 2991K, capacity 3273K, committed 3328K, reserved 1048576K
Event: 120.005 GC heap after
Heap after GC invocations=20 (full 1):
 PSYoungGen      total 26112K, used 128K [0x0000000795580000, 0x0000000799080000, 0x00000007c0000000)
  eden space 25600K, 0% used [0x0000000795580000,0x0000000795580000,0x0000000796e80000)
  from space 512K, 25% used [0x0000000796f00000,0x0000000796f20000,0x0000000796f80000)
  to   space 17408K, 0% used [0x0000000797f80000,0x0000000797f80000,0x0000000799080000)
 ParOldGen       total 57344K, used 11156K [0x0000000740000000, 0x0000000743800000, 0x0000000795580000)
  object space 57344K, 19% used [0x0000000740000000,0x0000000740ae5050,0x0000000743800000)
 Metaspace       used 21619K, capacity 22892K, committed 23040K, reserved 1069056K
  class space    used 2991K, capacity 3273K, committed 3328K, reserved 1048576K
}
Event: 121.491 GC heap before
{Heap before GC invocations=21 (full 1):
 PSYoungGen      total 26112K, used 25728K [0x0000000795580000, 0x0000000799080000, 0x00000007c0000000)
  eden space 25600K, 100% used [0x0000000795580000,0x0000000796e80000,0x0000000796e80000)
  from space 512K, 25% used [0x0000000796f00000,0x0000000796f20000,0x0000000796f80000)
  to   space 17408K, 0% used [0x0000000797f80000,0x0000000797f80000,0x0000000799080000)
 ParOldGen       total 57344K, used 11156K [0x0000000740000000, 0x0000000743800000, 0x0000000795580000)
  object space 57344K, 19% used [0x0000000740000000,0x0000000740ae5050,0x0000000743800000)
 Metaspace       used 21628K, capacity 22892K, committed 23040K, reserved 1069056K
  class space    used 2991K, capacity 3273K, committed 3328K, reserved 1048576K
Event: 121.492 GC heap after
Heap after GC invocations=21 (full 1):
 PSYoungGen      total 39936K, used 128K [0x0000000795580000, 0x0000000798e00000, 0x00000007c0000000)
  eden space 25088K, 0% used [0x0000000795580000,0x0000000795580000,0x0000000796e00000)
  from space 14848K, 0% used [0x0000000797f80000,0x0000000797fa0000,0x0000000798e00000)
  to   space 16384K, 0% used [0x0000000796e00000,0x0000000796e00000,0x0000000797e00000)
 ParOldGen       total 57344K, used 11188K [0x0000000740000000, 0x0000000743800000, 0x0000000795580000)
  object space 57344K, 19% used [0x0000000740000000,0x0000000740aed050,0x0000000743800000)
 Metaspace       used 21628K, capacity 22892K, committed 23040K, reserved 1069056K
  class space    used 2991K, capacity 3273K, committed 3328K, reserved 1048576K
}
Event: 125.178 GC heap before
{Heap before GC invocations=22 (full 1):
 PSYoungGen      total 39936K, used 25216K [0x0000000795580000, 0x0000000798e00000, 0x00000007c0000000)
  eden space 25088K, 100% used [0x0000000795580000,0x0000000796e00000,0x0000000796e00000)
  from space 14848K, 0% used [0x0000000797f80000,0x0000000797fa0000,0x0000000798e00000)
  to   space 16384K, 0% used [0x0000000796e00000,0x0000000796e00000,0x0000000797e00000)
 ParOldGen       total 57344K, used 11188K [0x0000000740000000, 0x0000000743800000, 0x0000000795580000)
  object space 57344K, 19% used [0x0000000740000000,0x0000000740aed050,0x0000000743800000)
 Metaspace       used 21648K, capacity 22962K, committed 23040K, reserved 1069056K
  class space    used 2993K, capacity 3274K, committed 3328K, reserved 1048576K
Event: 125.180 GC heap after
Heap after GC invocations=22 (full 1):
 PSYoungGen      total 25088K, used 160K [0x0000000795580000, 0x0000000798b80000, 0x00000007c0000000)
  eden space 24576K, 0% used [0x0000000795580000,0x0000000795580000,0x0000000796d80000)
  from space 512K, 31% used [0x0000000796e00000,0x0000000796e28000,0x0000000796e80000)
  to   space 15360K, 0% used [0x0000000797c80000,0x0000000797c80000,0x0000000798b80000)
 ParOldGen       total 57344K, used 11212K [0x0000000740000000, 0x0000000743800000, 0x0000000795580000)
  object space 57344K, 19% used [0x0000000740000000,0x0000000740af3050,0x0000000743800000)
 Metaspace       used 21648K, capacity 22962K, committed 23040K, reserved 1069056K
  class space    used 2993K, capacity 3274K, committed 3328K, reserved 1048576K
}
Event: 129.358 GC heap before
{Heap before GC invocations=23 (full 1):
 PSYoungGen      total 25088K, used 24736K [0x0000000795580000, 0x0000000798b80000, 0x00000007c0000000)
  eden space 24576K, 100% used [0x0000000795580000,0x0000000796d80000,0x0000000796d80000)
  from space 512K, 31% used [0x0000000796e00000,0x0000000796e28000,0x0000000796e80000)
  to   space 15360K, 0% used [0x0000000797c80000,0x0000000797c80000,0x0000000798b80000)
 ParOldGen       total 57344K, used 11212K [0x0000000740000000, 0x0000000743800000, 0x0000000795580000)
  object space 57344K, 19% used [0x0000000740000000,0x0000000740af3050,0x0000000743800000)
 Metaspace       used 21654K, capacity 22962K, committed 23040K, reserved 1069056K
  class space    used 2994K, capacity 3274K, committed 3328K, reserved 1048576K
Event: 129.360 GC heap after
Heap after GC invocations=23 (full 1):
 PSYoungGen      total 37888K, used 160K [0x0000000795580000, 0x0000000798a00000, 0x00000007c0000000)
  eden space 24064K, 0% used [0x0000000795580000,0x0000000795580000,0x0000000796d00000)
  from space 13824K, 1% used [0x0000000797c80000,0x0000000797ca8000,0x0000000798a00000)
  to   space 14848K, 0% used [0x0000000796d00000,0x0000000796d00000,0x0000000797b80000)
 ParOldGen       total 57344K, used 11244K [0x0000000740000000, 0x0000000743800000, 0x0000000795580000)
  object space 57344K, 19% used [0x0000000740000000,0x0000000740afb050,0x0000000743800000)
 Metaspace       used 21654K, capacity 22962K, committed 23040K, reserved 1069056K
  class space    used 2994K, capacity 3274K, committed 3328K, reserved 1048576K
}

