# JRE version: Java(TM) SE Runtime Environment (8.0_65-b17) (build 1.8.0_65-b17)
# Java VM: Java HotSpot(TM) 64-Bit Server VM (25.65-b01 mixed mode bsd-amd64 compressed oops)
Heap:
 PSYoungGen      total 26112K, used 9763K [0x0000000795580000, 0x0000000797e80000, 0x00000007c0000000)
  eden space 25600K, 37% used [0x0000000795580000,0x0000000795ef8de8,0x0000000796e80000)
  from space 512K, 12% used [0x0000000796f00000,0x0000000796f10000,0x0000000796f80000)
  to   space 8192K, 0% used [0x0000000797680000,0x0000000797680000,0x0000000797e80000)
 ParOldGen       total 87552K, used 10528K [0x0000000740000000, 0x0000000745580000, 0x0000000795580000)
  object space 87552K, 12% used [0x0000000740000000,0x0000000740a481e8,0x0000000745580000)
 Metaspace       used 19673K, capacity 20808K, committed 20992K, reserved 1067008K
  class space    used 2746K, capacity 3005K, committed 3072K, reserved 1048576K
GC Heap History (10 events):
Event: 34.847 GC heap before
{Heap before GC invocations=15 (full 0):
 PSYoungGen      total 36864K, used 28320K [0x0000000795580000, 0x0000000798400000, 0x00000007c0000000)
  eden space 28160K, 100% used [0x0000000795580000,0x0000000797100000,0x0000000797100000)
  from space 8704K, 1% used [0x0000000797b80000,0x0000000797ba8000,0x0000000798400000)
  to   space 9728K, 0% used [0x0000000797100000,0x0000000797100000,0x0000000797a80000)
 ParOldGen       total 87552K, used 10352K [0x0000000740000000, 0x0000000745580000, 0x0000000795580000)
  object space 87552K, 11% used [0x0000000740000000,0x0000000740a1c1e8,0x0000000745580000)
 Metaspace       used 19534K, capacity 20630K, committed 20736K, reserved 1067008K
  class space    used 2737K, capacity 2994K, committed 3072K, reserved 1048576K
Event: 34.848 GC heap after
Heap after GC invocations=15 (full 0):
 PSYoungGen      total 28160K, used 160K [0x0000000795580000, 0x0000000798380000, 0x00000007c0000000)
  eden space 27648K, 0% used [0x0000000795580000,0x0000000795580000,0x0000000797080000)
  from space 512K, 31% used [0x0000000797100000,0x0000000797128000,0x0000000797180000)
  to   space 9728K, 0% used [0x0000000797a00000,0x0000000797a00000,0x0000000798380000)
 ParOldGen       total 87552K, used 10384K [0x0000000740000000, 0x0000000745580000, 0x0000000795580000)
  object space 87552K, 11% used [0x0000000740000000,0x0000000740a241e8,0x0000000745580000)
 Metaspace       used 19534K, capacity 20630K, committed 20736K, reserved 1067008K
  class space    used 2737K, capacity 2994K, committed 3072K, reserved 1048576K
}
Event: 35.469 GC heap before
{Heap before GC invocations=16 (full 0):
 PSYoungGen      total 28160K, used 27808K [0x0000000795580000, 0x0000000798380000, 0x00000007c0000000)
  eden space 27648K, 100% used [0x0000000795580000,0x0000000797080000,0x0000000797080000)
  from space 512K, 31% used [0x0000000797100000,0x0000000797128000,0x0000000797180000)
  to   space 9728K, 0% used [0x0000000797a00000,0x0000000797a00000,0x0000000798380000)
 ParOldGen       total 87552K, used 10384K [0x0000000740000000, 0x0000000745580000, 0x0000000795580000)
  object space 87552K, 11% used [0x0000000740000000,0x0000000740a241e8,0x0000000745580000)
 Metaspace       used 19558K, capacity 20630K, committed 20736K, reserved 1067008K
  class space    used 2738K, capacity 2994K, committed 3072K, reserved 1048576K
Event: 35.470 GC heap after
Heap after GC invocations=16 (full 0):
 PSYoungGen      total 35328K, used 160K [0x0000000795580000, 0x0000000798200000, 0x00000007c0000000)
  eden space 27136K, 0% used [0x0000000795580000,0x0000000795580000,0x0000000797000000)
  from space 8192K, 1% used [0x0000000797a00000,0x0000000797a28000,0x0000000798200000)
  to   space 9216K, 0% used [0x0000000797000000,0x0000000797000000,0x0000000797900000)
 ParOldGen       total 87552K, used 10416K [0x0000000740000000, 0x0000000745580000, 0x0000000795580000)
  object space 87552K, 11% used [0x0000000740000000,0x0000000740a2c1e8,0x0000000745580000)
 Metaspace       used 19558K, capacity 20630K, committed 20736K, reserved 1067008K
  class space    used 2738K, capacity 2994K, committed 3072K, reserved 1048576K
}
Event: 36.479 GC heap before
{Heap before GC invocations=17 (full 0):
 PSYoungGen      total 35328K, used 27296K [0x0000000795580000, 0x0000000798200000, 0x00000007c0000000)
  eden space 27136K, 100% used [0x0000000795580000,0x0000000797000000,0x0000000797000000)
  from space 8192K, 1% used [0x0000000797a00000,0x0000000797a28000,0x0000000798200000)
  to   space 9216K, 0% used [0x0000000797000000,0x0000000797000000,0x0000000797900000)
 ParOldGen       total 87552K, used 10416K [0x0000000740000000, 0x0000000745580000, 0x0000000795580000)
  object space 87552K, 11% used [0x0000000740000000,0x0000000740a2c1e8,0x0000000745580000)
 Metaspace       used 19593K, capacity 20636K, committed 20736K, reserved 1067008K
  class space    used 2739K, capacity 2995K, committed 3072K, reserved 1048576K
Event: 36.480 GC heap after
Heap after GC invocations=17 (full 0):
 PSYoungGen      total 27136K, used 160K [0x0000000795580000, 0x0000000798080000, 0x00000007c0000000)
  eden space 26624K, 0% used [0x0000000795580000,0x0000000795580000,0x0000000796f80000)
  from space 512K, 31% used [0x0000000797000000,0x0000000797028000,0x0000000797080000)
  to   space 8704K, 0% used [0x0000000797800000,0x0000000797800000,0x0000000798080000)
 ParOldGen       total 87552K, used 10448K [0x0000000740000000, 0x0000000745580000, 0x0000000795580000)
  object space 87552K, 11% used [0x0000000740000000,0x0000000740a341e8,0x0000000745580000)
 Metaspace       used 19593K, capacity 20636K, committed 20736K, reserved 1067008K
  class space    used 2739K, capacity 2995K, committed 3072K, reserved 1048576K
}
Event: 37.462 GC heap before
{Heap before GC invocations=18 (full 0):
 PSYoungGen      total 27136K, used 26784K [0x0000000795580000, 0x0000000798080000, 0x00000007c0000000)
  eden space 26624K, 100% used [0x0000000795580000,0x0000000796f80000,0x0000000796f80000)
  from space 512K, 31% used [0x0000000797000000,0x0000000797028000,0x0000000797080000)
  to   space 8704K, 0% used [0x0000000797800000,0x0000000797800000,0x0000000798080000)
 ParOldGen       total 87552K, used 10448K [0x0000000740000000, 0x0000000745580000, 0x0000000795580000)
  object space 87552K, 11% used [0x0000000740000000,0x0000000740a341e8,0x0000000745580000)
 Metaspace       used 19640K, capacity 20782K, committed 20992K, reserved 1067008K
  class space    used 2740K, capacity 2998K, committed 3072K, reserved 1048576K
Event: 37.464 GC heap after
Heap after GC invocations=18 (full 0):
 PSYoungGen      total 34304K, used 160K [0x0000000795580000, 0x0000000798000000, 0x00000007c0000000)
  eden space 26112K, 0% used [0x0000000795580000,0x0000000795580000,0x0000000796f00000)
  from space 8192K, 1% used [0x0000000797800000,0x0000000797828000,0x0000000798000000)
  to   space 8704K, 0% used [0x0000000796f00000,0x0000000796f00000,0x0000000797780000)
 ParOldGen       total 87552K, used 10488K [0x0000000740000000, 0x0000000745580000, 0x0000000795580000)
  object space 87552K, 11% used [0x0000000740000000,0x0000000740a3e1e8,0x0000000745580000)
 Metaspace       used 19640K, capacity 20782K, committed 20992K, reserved 1067008K
  class space    used 2740K, capacity 2998K, committed 3072K, reserved 1048576K
}
Event: 38.818 GC heap before
{Heap before GC invocations=19 (full 0):
 PSYoungGen      total 34304K, used 26272K [0x0000000795580000, 0x0000000798000000, 0x00000007c0000000)
  eden space 26112K, 100% used [0x0000000795580000,0x0000000796f00000,0x0000000796f00000)
  from space 8192K, 1% used [0x0000000797800000,0x0000000797828000,0x0000000798000000)
  to   space 8704K, 0% used [0x0000000796f00000,0x0000000796f00000,0x0000000797780000)
 ParOldGen       total 87552K, used 10488K [0x0000000740000000, 0x0000000745580000, 0x0000000795580000)
  object space 87552K, 11% used [0x0000000740000000,0x0000000740a3e1e8,0x0000000745580000)
 Metaspace       used 19646K, capacity 20782K, committed 20992K, reserved 1067008K
  class space    used 2740K, capacity 2998K, committed 3072K, reserved 1048576K
Event: 38.821 GC heap after
Heap after GC invocations=19 (full 0):
 PSYoungGen      total 26112K, used 64K [0x0000000795580000, 0x0000000797e80000, 0x00000007c0000000)
  eden space 25600K, 0% used [0x0000000795580000,0x0000000795580000,0x0000000796e80000)
  from space 512K, 12% used [0x0000000796f00000,0x0000000796f10000,0x0000000796f80000)
  to   space 8192K, 0% used [0x0000000797680000,0x0000000797680000,0x0000000797e80000)
 ParOldGen       total 87552K, used 10528K [0x0000000740000000, 0x0000000745580000, 0x0000000795580000)
  object space 87552K, 12% used [0x0000000740000000,0x0000000740a481e8,0x0000000745580000)
 Metaspace       used 19646K, capacity 20782K, committed 20992K, reserved 1067008K
  class space    used 2740K, capacity 2998K, committed 3072K, reserved 1048576K
}

